[01m[K/home/colcon_ws/src/joy2twist/src/joy2twist.cpp:48:2:[m[K [01;31m[Kerror: [m[Kexpected â€˜[01m[K}[m[Kâ€™ at end of input
   48 | }
      |  [01;31m[K^[m[K
[01m[K/home/colcon_ws/src/joy2twist/src/joy2twist.cpp:10:45:[m[K [01;36m[Knote: [m[Kto match this â€˜[01m[K{[m[Kâ€™
   10 | class JoyTransrateNode : public rclcpp::Node[01;36m[K{[m[K
      |                                             [01;36m[K^[m[K
[01m[K/home/colcon_ws/src/joy2twist/src/joy2twist.cpp:[m[K In constructor â€˜[01m[KJoyTransrateNode::JoyTransrateNode()[m[Kâ€™:
[01m[K/home/colcon_ws/src/joy2twist/src/joy2twist.cpp:24:9:[m[K [01;31m[Kerror: [m[Kâ€˜[01m[Kpublisher[m[Kâ€™ was not declared in this scope
   24 |         [01;31m[Kpublisher[m[K = this->create_publisher<geometry_msgs::msg::Twist>("cmd_vel", 10);
      |         [01;31m[K^~~~~~~~~[m[K
[01m[K/home/colcon_ws/src/joy2twist/src/joy2twist.cpp:[m[K In lambda function:
[01m[K/home/colcon_ws/src/joy2twist/src/joy2twist.cpp:29:21:[m[K [01;31m[Kerror: [m[Kâ€˜[01m[Kstruct geometry_msgs::msg::Twist_<std::allocator<void> >[m[Kâ€™ has no member named â€˜[01m[Kliner[m[Kâ€™; did you mean â€˜[01m[Klinear[m[Kâ€™?
   29 |             message.[01;31m[Kliner[m[K.x = liner_x * msg.axes[1];
      |                     [01;31m[K^~~~~[m[K
      |                     [32m[Klinear[m[K
[01m[K/home/colcon_ws/src/joy2twist/src/joy2twist.cpp:30:21:[m[K [01;31m[Kerror: [m[Kâ€˜[01m[Kstruct geometry_msgs::msg::Twist_<std::allocator<void> >[m[Kâ€™ has no member named â€˜[01m[Kliner[m[Kâ€™; did you mean â€˜[01m[Klinear[m[Kâ€™?
   30 |             message.[01;31m[Kliner[m[K.y = liner_y * msg.axes[2];
      |                     [01;31m[K^~~~~[m[K
      |                     [32m[Klinear[m[K
[01m[K/home/colcon_ws/src/joy2twist/src/joy2twist.cpp:32:19:[m[K [01;31m[Kerror: [m[Kâ€˜[01m[Kclass JoyTransrateNode[m[Kâ€™ has no member named â€˜[01m[Kpublisher[m[Kâ€™
   32 |             this->[01;31m[Kpublisher[m[K->publish(message);
      |                   [01;31m[K^~~~~~~~~[m[K
[01m[K/home/colcon_ws/src/joy2twist/src/joy2twist.cpp:[m[K In constructor â€˜[01m[KJoyTransrateNode::JoyTransrateNode()[m[Kâ€™:
[01m[K/home/colcon_ws/src/joy2twist/src/joy2twist.cpp:35:9:[m[K [01;31m[Kerror: [m[Kâ€˜[01m[Ksubscriber[m[Kâ€™ was not declared in this scope
   35 |         [01;31m[Ksubscriber[m[K = this->create_subscription<sensor_msgs::msg::Joy>("joy", 10, callback);
      |         [01;31m[K^~~~~~~~~~[m[K
[01m[K/home/colcon_ws/src/joy2twist/src/joy2twist.cpp:36:1:[m[K [01;31m[Kerror: [m[Kexpected primary-expression before â€˜[01m[Kprivate[m[Kâ€™
   36 | [01;31m[Kprivate[m[K:
      | [01;31m[K^~~~~~~[m[K
[01m[K/home/colcon_ws/src/joy2twist/src/joy2twist.cpp:[m[K At global scope:
[01m[K/home/colcon_ws/src/joy2twist/src/joy2twist.cpp:48:2:[m[K [01;31m[Kerror: [m[Kexpected unqualified-id at end of input
   48 | }
      |  [01;31m[K^[m[K
gmake[2]: *** [CMakeFiles/joy2twist.dir/build.make:76: CMakeFiles/joy2twist.dir/src/joy2twist.cpp.o] Error 1
gmake[1]: *** [CMakeFiles/Makefile2:137: CMakeFiles/joy2twist.dir/all] Error 2
gmake: *** [Makefile:146: all] Error 2
