[0.008s] Invoking command in '/home/colcon_ws/build/joy2twist': CMAKE_PREFIX_PATH=${CMAKE_PREFIX_PATH}:/opt/ros/humble /usr/bin/cmake --build /home/colcon_ws/build/joy2twist -- -j12 -l12
[0.041s] [35m[1mConsolidate compiler generated dependencies of target joy2twist[0m
[0.054s] [ 50%] [32mBuilding CXX object CMakeFiles/joy2twist.dir/src/joy2twist.cpp.o[0m
[1.811s] [01m[K/home/colcon_ws/src/joy2twist/src/joy2twist.cpp:48:2:[m[K [01;31m[Kerror: [m[Kexpected â€˜[01m[K}[m[Kâ€™ at end of input
[1.811s]    48 | }
[1.811s]       |  [01;31m[K^[m[K
[1.811s] [01m[K/home/colcon_ws/src/joy2twist/src/joy2twist.cpp:10:45:[m[K [01;36m[Knote: [m[Kto match this â€˜[01m[K{[m[Kâ€™
[1.811s]    10 | class JoyTransrateNode : public rclcpp::Node[01;36m[K{[m[K
[1.811s]       |                                             [01;36m[K^[m[K
[1.817s] [01m[K/home/colcon_ws/src/joy2twist/src/joy2twist.cpp:[m[K In constructor â€˜[01m[KJoyTransrateNode::JoyTransrateNode()[m[Kâ€™:
[1.817s] [01m[K/home/colcon_ws/src/joy2twist/src/joy2twist.cpp:24:9:[m[K [01;31m[Kerror: [m[Kâ€˜[01m[Kpublisher[m[Kâ€™ was not declared in this scope
[1.817s]    24 |         [01;31m[Kpublisher[m[K = this->create_publisher<geometry_msgs::msg::Twist>("cmd_vel", 10);
[1.818s]       |         [01;31m[K^~~~~~~~~[m[K
[1.821s] [01m[K/home/colcon_ws/src/joy2twist/src/joy2twist.cpp:[m[K In lambda function:
[1.821s] [01m[K/home/colcon_ws/src/joy2twist/src/joy2twist.cpp:29:21:[m[K [01;31m[Kerror: [m[Kâ€˜[01m[Kstruct geometry_msgs::msg::Twist_<std::allocator<void> >[m[Kâ€™ has no member named â€˜[01m[Kliner[m[Kâ€™; did you mean â€˜[01m[Klinear[m[Kâ€™?
[1.821s]    29 |             message.[01;31m[Kliner[m[K.x = liner_x * msg.axes[1];
[1.821s]       |                     [01;31m[K^~~~~[m[K
[1.821s]       |                     [32m[Klinear[m[K
[1.821s] [01m[K/home/colcon_ws/src/joy2twist/src/joy2twist.cpp:30:21:[m[K [01;31m[Kerror: [m[Kâ€˜[01m[Kstruct geometry_msgs::msg::Twist_<std::allocator<void> >[m[Kâ€™ has no member named â€˜[01m[Kliner[m[Kâ€™; did you mean â€˜[01m[Klinear[m[Kâ€™?
[1.821s]    30 |             message.[01;31m[Kliner[m[K.y = liner_y * msg.axes[2];
[1.821s]       |                     [01;31m[K^~~~~[m[K
[1.821s]       |                     [32m[Klinear[m[K
[1.821s] [01m[K/home/colcon_ws/src/joy2twist/src/joy2twist.cpp:32:19:[m[K [01;31m[Kerror: [m[Kâ€˜[01m[Kclass JoyTransrateNode[m[Kâ€™ has no member named â€˜[01m[Kpublisher[m[Kâ€™
[1.821s]    32 |             this->[01;31m[Kpublisher[m[K->publish(message);
[1.822s]       |                   [01;31m[K^~~~~~~~~[m[K
[1.826s] [01m[K/home/colcon_ws/src/joy2twist/src/joy2twist.cpp:[m[K In constructor â€˜[01m[KJoyTransrateNode::JoyTransrateNode()[m[Kâ€™:
[1.826s] [01m[K/home/colcon_ws/src/joy2twist/src/joy2twist.cpp:35:9:[m[K [01;31m[Kerror: [m[Kâ€˜[01m[Ksubscriber[m[Kâ€™ was not declared in this scope
[1.826s]    35 |         [01;31m[Ksubscriber[m[K = this->create_subscription<sensor_msgs::msg::Joy>("joy", 10, callback);
[1.826s]       |         [01;31m[K^~~~~~~~~~[m[K
[1.857s] [01m[K/home/colcon_ws/src/joy2twist/src/joy2twist.cpp:36:1:[m[K [01;31m[Kerror: [m[Kexpected primary-expression before â€˜[01m[Kprivate[m[Kâ€™
[1.857s]    36 | [01;31m[Kprivate[m[K:
[1.857s]       | [01;31m[K^~~~~~~[m[K
[1.862s] [01m[K/home/colcon_ws/src/joy2twist/src/joy2twist.cpp:[m[K At global scope:
[1.862s] [01m[K/home/colcon_ws/src/joy2twist/src/joy2twist.cpp:48:2:[m[K [01;31m[Kerror: [m[Kexpected unqualified-id at end of input
[1.862s]    48 | }
[1.862s]       |  [01;31m[K^[m[K
[3.590s] gmake[2]: *** [CMakeFiles/joy2twist.dir/build.make:76: CMakeFiles/joy2twist.dir/src/joy2twist.cpp.o] Error 1
[3.590s] gmake[1]: *** [CMakeFiles/Makefile2:137: CMakeFiles/joy2twist.dir/all] Error 2
[3.590s] gmake: *** [Makefile:146: all] Error 2
[3.591s] Invoked command in '/home/colcon_ws/build/joy2twist' returned '2': CMAKE_PREFIX_PATH=${CMAKE_PREFIX_PATH}:/opt/ros/humble /usr/bin/cmake --build /home/colcon_ws/build/joy2twist -- -j12 -l12
