[0.008s] Invoking command in '/home/colcon_ws/build/joy2twist': CMAKE_PREFIX_PATH=${CMAKE_PREFIX_PATH}:/opt/ros/humble /usr/bin/cmake --build /home/colcon_ws/build/joy2twist -- -j12 -l12
[0.025s] -- Found ament_cmake: 1.3.11 (/opt/ros/humble/share/ament_cmake/cmake)
[0.139s] -- Found rclcpp: 16.0.12 (/opt/ros/humble/share/rclcpp/cmake)
[0.182s] -- Found rosidl_generator_c: 3.1.6 (/opt/ros/humble/share/rosidl_generator_c/cmake)
[0.188s] -- Found rosidl_adapter: 3.1.6 (/opt/ros/humble/share/rosidl_adapter/cmake)
[0.206s] -- Found rosidl_generator_cpp: 3.1.6 (/opt/ros/humble/share/rosidl_generator_cpp/cmake)
[0.214s] -- Using all available rosidl_typesupport_c: rosidl_typesupport_fastrtps_c;rosidl_typesupport_introspection_c
[0.223s] -- Using all available rosidl_typesupport_cpp: rosidl_typesupport_fastrtps_cpp;rosidl_typesupport_introspection_cpp
[0.247s] -- Found rmw_implementation_cmake: 6.1.2 (/opt/ros/humble/share/rmw_implementation_cmake/cmake)
[0.248s] -- Found rmw_fastrtps_cpp: 6.2.7 (/opt/ros/humble/share/rmw_fastrtps_cpp/cmake)
[0.333s] -- Using RMW implementation 'rmw_fastrtps_cpp' as default
[0.380s] -- Found geometry_msgs: 4.8.0 (/opt/ros/humble/share/geometry_msgs/cmake)
[0.396s] -- Found rosidl_default_generators: 1.2.0 (/opt/ros/humble/share/rosidl_default_generators/cmake)
[0.458s] -- Configuring done
[0.463s] -- Generating done
[0.466s] -- Build files have been written to: /home/colcon_ws/build/joy2twist
[0.510s] [ 50%] [32mBuilding CXX object CMakeFiles/joy2twist.dir/src/joy2twist.cpp.o[0m
[0.527s] [01m[K/home/colcon_ws/src/joy2twist/src/joy2twist.cpp:2:10:[m[K [01;31m[Kfatal error: [m[Kstd_msgs/Int32.hpp: No such file or directory
[0.527s]     2 | #include [01;31m[K"std_msgs/Int32.hpp"[m[K
[0.528s]       |          [01;31m[K^~~~~~~~~~~~~~~~~~~~[m[K
[0.528s] compilation terminated.
[0.529s] gmake[2]: *** [CMakeFiles/joy2twist.dir/build.make:76: CMakeFiles/joy2twist.dir/src/joy2twist.cpp.o] Error 1
[0.529s] gmake[1]: *** [CMakeFiles/Makefile2:137: CMakeFiles/joy2twist.dir/all] Error 2
[0.530s] gmake: *** [Makefile:146: all] Error 2
[0.536s] Invoked command in '/home/colcon_ws/build/joy2twist' returned '2': CMAKE_PREFIX_PATH=${CMAKE_PREFIX_PATH}:/opt/ros/humble /usr/bin/cmake --build /home/colcon_ws/build/joy2twist -- -j12 -l12
