-- Found ament_cmake: 1.3.11 (/opt/ros/humble/share/ament_cmake/cmake)
-- Found rclcpp: 16.0.12 (/opt/ros/humble/share/rclcpp/cmake)
-- Found rosidl_generator_c: 3.1.6 (/opt/ros/humble/share/rosidl_generator_c/cmake)
-- Found rosidl_adapter: 3.1.6 (/opt/ros/humble/share/rosidl_adapter/cmake)
-- Found rosidl_generator_cpp: 3.1.6 (/opt/ros/humble/share/rosidl_generator_cpp/cmake)
-- Using all available rosidl_typesupport_c: rosidl_typesupport_fastrtps_c;rosidl_typesupport_introspection_c
-- Using all available rosidl_typesupport_cpp: rosidl_typesupport_fastrtps_cpp;rosidl_typesupport_introspection_cpp
-- Found rmw_implementation_cmake: 6.1.2 (/opt/ros/humble/share/rmw_implementation_cmake/cmake)
-- Found rmw_fastrtps_cpp: 6.2.7 (/opt/ros/humble/share/rmw_fastrtps_cpp/cmake)
-- Using RMW implementation 'rmw_fastrtps_cpp' as default
-- Found rclcpp_components: 16.0.12 (/opt/ros/humble/share/rclcpp_components/cmake)
-- Found sensor_msgs: 4.8.0 (/opt/ros/humble/share/sensor_msgs/cmake)
-- Found rosidl_default_generators: 1.2.0 (/opt/ros/humble/share/rosidl_default_generators/cmake)
-- Configuring done
-- Generating done
-- Build files have been written to: /home/colcon_ws/build/joy2twist
[35m[1mConsolidate compiler generated dependencies of target joy2twist[0m
[ 50%] [32mBuilding CXX object CMakeFiles/joy2twist.dir/src/joy2twist.cpp.o[0m
[01m[K/home/colcon_ws/src/joy2twist/src/joy2twist.cpp:49:2:[m[K [01;31m[Kerror: [m[Kexpected â€˜[01m[K}[m[Kâ€™ at end of input
   49 | }
      |  [01;31m[K^[m[K
[01m[K/home/colcon_ws/src/joy2twist/src/joy2twist.cpp:10:45:[m[K [01;36m[Knote: [m[Kto match this â€˜[01m[K{[m[Kâ€™
   10 | class JoyTransrateNode : public rclcpp::Node[01;36m[K{[m[K
      |                                             [01;36m[K^[m[K
[01m[K/home/colcon_ws/src/joy2twist/src/joy2twist.cpp:[m[K In constructor â€˜[01m[KJoyTransrateNode::JoyTransrateNode()[m[Kâ€™:
[01m[K/home/colcon_ws/src/joy2twist/src/joy2twist.cpp:24:9:[m[K [01;31m[Kerror: [m[Kâ€˜[01m[Kpublisher[m[Kâ€™ was not declared in this scope
   24 |         [01;31m[Kpublisher[m[K = this->create_publisher<geometry_msgs::msg::Twist>("cmd_vel", 10);
      |         [01;31m[K^~~~~~~~~[m[K
[01m[K/home/colcon_ws/src/joy2twist/src/joy2twist.cpp:[m[K In lambda function:
[01m[K/home/colcon_ws/src/joy2twist/src/joy2twist.cpp:29:21:[m[K [01;31m[Kerror: [m[Kâ€˜[01m[Kstruct geometry_msgs::msg::Twist_<std::allocator<void> >[m[Kâ€™ has no member named â€˜[01m[Kliner[m[Kâ€™; did you mean â€˜[01m[Klinear[m[Kâ€™?
   29 |             message.[01;31m[Kliner[m[K.x = liner_x * msg.axes[1];
      |                     [01;31m[K^~~~~[m[K
      |                     [32m[Klinear[m[K
[01m[K/home/colcon_ws/src/joy2twist/src/joy2twist.cpp:30:21:[m[K [01;31m[Kerror: [m[Kâ€˜[01m[Kstruct geometry_msgs::msg::Twist_<std::allocator<void> >[m[Kâ€™ has no member named â€˜[01m[Kliner[m[Kâ€™; did you mean â€˜[01m[Klinear[m[Kâ€™?
   30 |             message.[01;31m[Kliner[m[K.y = liner_y * msg.axes[2];
      |                     [01;31m[K^~~~~[m[K
      |                     [32m[Klinear[m[K
[01m[K/home/colcon_ws/src/joy2twist/src/joy2twist.cpp:32:19:[m[K [01;31m[Kerror: [m[Kâ€˜[01m[Kclass JoyTransrateNode[m[Kâ€™ has no member named â€˜[01m[Kpublisher[m[Kâ€™
   32 |             this->[01;31m[Kpublisher[m[K->publish(message);
      |                   [01;31m[K^~~~~~~~~[m[K
[01m[K/home/colcon_ws/src/joy2twist/src/joy2twist.cpp:[m[K In constructor â€˜[01m[KJoyTransrateNode::JoyTransrateNode()[m[Kâ€™:
[01m[K/home/colcon_ws/src/joy2twist/src/joy2twist.cpp:35:9:[m[K [01;31m[Kerror: [m[Kâ€˜[01m[Ksubscriber[m[Kâ€™ was not declared in this scope
   35 |         [01;31m[Ksubscriber[m[K = this->create_subscription<sensor_msgs::msg::Joy>("joy", 10, callback);
      |         [01;31m[K^~~~~~~~~~[m[K
[01m[K/home/colcon_ws/src/joy2twist/src/joy2twist.cpp:36:1:[m[K [01;31m[Kerror: [m[Kexpected primary-expression before â€˜[01m[Kprivate[m[Kâ€™
   36 | [01;31m[Kprivate[m[K:
      | [01;31m[K^~~~~~~[m[K
[01m[K/home/colcon_ws/src/joy2twist/src/joy2twist.cpp:[m[K At global scope:
[01m[K/home/colcon_ws/src/joy2twist/src/joy2twist.cpp:49:2:[m[K [01;31m[Kerror: [m[Kexpected unqualified-id at end of input
   49 | }
      |  [01;31m[K^[m[K
gmake[2]: *** [CMakeFiles/joy2twist.dir/build.make:76: CMakeFiles/joy2twist.dir/src/joy2twist.cpp.o] Error 1
gmake[1]: *** [CMakeFiles/Makefile2:137: CMakeFiles/joy2twist.dir/all] Error 2
gmake: *** [Makefile:146: all] Error 2
