[0.008s] Invoking command in '/home/colcon_ws/build/joy2twist': CMAKE_PREFIX_PATH=${CMAKE_PREFIX_PATH}:/opt/ros/humble /usr/bin/cmake --build /home/colcon_ws/build/joy2twist -- -j12 -l12
[0.027s] -- Found ament_cmake: 1.3.11 (/opt/ros/humble/share/ament_cmake/cmake)
[0.131s] -- Found rclcpp: 16.0.12 (/opt/ros/humble/share/rclcpp/cmake)
[0.154s] -- Found rosidl_generator_c: 3.1.6 (/opt/ros/humble/share/rosidl_generator_c/cmake)
[0.156s] -- Found rosidl_adapter: 3.1.6 (/opt/ros/humble/share/rosidl_adapter/cmake)
[0.161s] -- Found rosidl_generator_cpp: 3.1.6 (/opt/ros/humble/share/rosidl_generator_cpp/cmake)
[0.168s] -- Using all available rosidl_typesupport_c: rosidl_typesupport_fastrtps_c;rosidl_typesupport_introspection_c
[0.178s] -- Using all available rosidl_typesupport_cpp: rosidl_typesupport_fastrtps_cpp;rosidl_typesupport_introspection_cpp
[0.204s] -- Found rmw_implementation_cmake: 6.1.2 (/opt/ros/humble/share/rmw_implementation_cmake/cmake)
[0.206s] -- Found rmw_fastrtps_cpp: 6.2.7 (/opt/ros/humble/share/rmw_fastrtps_cpp/cmake)
[0.296s] -- Using RMW implementation 'rmw_fastrtps_cpp' as default
[0.338s] -- Found rclcpp_components: 16.0.12 (/opt/ros/humble/share/rclcpp_components/cmake)
[0.360s] -- Found sensor_msgs: 4.8.0 (/opt/ros/humble/share/sensor_msgs/cmake)
[0.386s] -- Found rosidl_default_generators: 1.2.0 (/opt/ros/humble/share/rosidl_default_generators/cmake)
[0.440s] -- Configuring done
[0.448s] -- Generating done
[0.451s] -- Build files have been written to: /home/colcon_ws/build/joy2twist
[0.470s] [35m[1mConsolidate compiler generated dependencies of target joy2twist[0m
[0.483s] [ 50%] [32mBuilding CXX object CMakeFiles/joy2twist.dir/src/joy2twist.cpp.o[0m
[2.253s] [01m[K/home/colcon_ws/src/joy2twist/src/joy2twist.cpp:49:2:[m[K [01;31m[Kerror: [m[Kexpected â€˜[01m[K}[m[Kâ€™ at end of input
[2.253s]    49 | }
[2.253s]       |  [01;31m[K^[m[K
[2.254s] [01m[K/home/colcon_ws/src/joy2twist/src/joy2twist.cpp:10:45:[m[K [01;36m[Knote: [m[Kto match this â€˜[01m[K{[m[Kâ€™
[2.254s]    10 | class JoyTransrateNode : public rclcpp::Node[01;36m[K{[m[K
[2.254s]       |                                             [01;36m[K^[m[K
[2.260s] [01m[K/home/colcon_ws/src/joy2twist/src/joy2twist.cpp:[m[K In constructor â€˜[01m[KJoyTransrateNode::JoyTransrateNode()[m[Kâ€™:
[2.260s] [01m[K/home/colcon_ws/src/joy2twist/src/joy2twist.cpp:24:9:[m[K [01;31m[Kerror: [m[Kâ€˜[01m[Kpublisher[m[Kâ€™ was not declared in this scope
[2.260s]    24 |         [01;31m[Kpublisher[m[K = this->create_publisher<geometry_msgs::msg::Twist>("cmd_vel", 10);
[2.260s]       |         [01;31m[K^~~~~~~~~[m[K
[2.263s] [01m[K/home/colcon_ws/src/joy2twist/src/joy2twist.cpp:[m[K In lambda function:
[2.264s] [01m[K/home/colcon_ws/src/joy2twist/src/joy2twist.cpp:29:21:[m[K [01;31m[Kerror: [m[Kâ€˜[01m[Kstruct geometry_msgs::msg::Twist_<std::allocator<void> >[m[Kâ€™ has no member named â€˜[01m[Kliner[m[Kâ€™; did you mean â€˜[01m[Klinear[m[Kâ€™?
[2.264s]    29 |             message.[01;31m[Kliner[m[K.x = liner_x * msg.axes[1];
[2.264s]       |                     [01;31m[K^~~~~[m[K
[2.264s]       |                     [32m[Klinear[m[K
[2.264s] [01m[K/home/colcon_ws/src/joy2twist/src/joy2twist.cpp:30:21:[m[K [01;31m[Kerror: [m[Kâ€˜[01m[Kstruct geometry_msgs::msg::Twist_<std::allocator<void> >[m[Kâ€™ has no member named â€˜[01m[Kliner[m[Kâ€™; did you mean â€˜[01m[Klinear[m[Kâ€™?
[2.264s]    30 |             message.[01;31m[Kliner[m[K.y = liner_y * msg.axes[2];
[2.264s]       |                     [01;31m[K^~~~~[m[K
[2.264s]       |                     [32m[Klinear[m[K
[2.264s] [01m[K/home/colcon_ws/src/joy2twist/src/joy2twist.cpp:32:19:[m[K [01;31m[Kerror: [m[Kâ€˜[01m[Kclass JoyTransrateNode[m[Kâ€™ has no member named â€˜[01m[Kpublisher[m[Kâ€™
[2.264s]    32 |             this->[01;31m[Kpublisher[m[K->publish(message);
[2.264s]       |                   [01;31m[K^~~~~~~~~[m[K
[2.268s] [01m[K/home/colcon_ws/src/joy2twist/src/joy2twist.cpp:[m[K In constructor â€˜[01m[KJoyTransrateNode::JoyTransrateNode()[m[Kâ€™:
[2.269s] [01m[K/home/colcon_ws/src/joy2twist/src/joy2twist.cpp:35:9:[m[K [01;31m[Kerror: [m[Kâ€˜[01m[Ksubscriber[m[Kâ€™ was not declared in this scope
[2.269s]    35 |         [01;31m[Ksubscriber[m[K = this->create_subscription<sensor_msgs::msg::Joy>("joy", 10, callback);
[2.269s]       |         [01;31m[K^~~~~~~~~~[m[K
[2.299s] [01m[K/home/colcon_ws/src/joy2twist/src/joy2twist.cpp:36:1:[m[K [01;31m[Kerror: [m[Kexpected primary-expression before â€˜[01m[Kprivate[m[Kâ€™
[2.299s]    36 | [01;31m[Kprivate[m[K:
[2.299s]       | [01;31m[K^~~~~~~[m[K
[2.303s] [01m[K/home/colcon_ws/src/joy2twist/src/joy2twist.cpp:[m[K At global scope:
[2.303s] [01m[K/home/colcon_ws/src/joy2twist/src/joy2twist.cpp:49:2:[m[K [01;31m[Kerror: [m[Kexpected unqualified-id at end of input
[2.303s]    49 | }
[2.303s]       |  [01;31m[K^[m[K
[4.021s] gmake[2]: *** [CMakeFiles/joy2twist.dir/build.make:76: CMakeFiles/joy2twist.dir/src/joy2twist.cpp.o] Error 1
[4.021s] gmake[1]: *** [CMakeFiles/Makefile2:137: CMakeFiles/joy2twist.dir/all] Error 2
[4.021s] gmake: *** [Makefile:146: all] Error 2
[4.023s] Invoked command in '/home/colcon_ws/build/joy2twist' returned '2': CMAKE_PREFIX_PATH=${CMAKE_PREFIX_PATH}:/opt/ros/humble /usr/bin/cmake --build /home/colcon_ws/build/joy2twist -- -j12 -l12
