[0.009s] Invoking command in '/home/colcon_ws/build/joy2twist': CMAKE_PREFIX_PATH=${CMAKE_PREFIX_PATH}:/opt/ros/humble /usr/bin/cmake --build /home/colcon_ws/build/joy2twist -- -j12 -l12
[0.040s] [35m[1mConsolidate compiler generated dependencies of target joy2twist[0m
[0.053s] [ 50%] [32mBuilding CXX object CMakeFiles/joy2twist.dir/src/joy2twist.cpp.o[0m
[1.846s] [01m[K/home/colcon_ws/src/joy2twist/src/joy2twist.cpp:6:17:[m[K [01;31m[Kerror: [m[Kâ€˜[01m[KPS4[m[Kâ€™ is not a namespace-name
[1.846s]     6 | using namespace [01;31m[KPS4[m[K;
[1.846s]       |                 [01;31m[K^~~[m[K
[1.846s] [01m[K/home/colcon_ws/src/joy2twist/src/joy2twist.cpp:9:1:[m[K [01;31m[Kerror: [m[Kexpected class-name before â€˜[01m[K{[m[Kâ€™ token
[1.846s]     9 | [01;31m[K{[m[K
[1.846s]       | [01;31m[K^[m[K
[1.846s] [01m[K/home/colcon_ws/src/joy2twist/src/joy2twist.cpp:14:17:[m[K [01;31m[Kerror: [m[Kâ€˜[01m[KPubliser[m[Kâ€™ in namespace â€˜[01m[Krclcpp[m[Kâ€™ does not name a type; did you mean â€˜[01m[KPublisher[m[Kâ€™?
[1.846s]    14 |         rclcpp::[01;31m[KPubliser[m[K twist;
[1.846s]       |                 [01;31m[K^~~~~~~~[m[K
[1.846s]       |                 [32m[KPublisher[m[K
[1.847s] [01m[K/home/colcon_ws/src/joy2twist/src/joy2twist.cpp:15:9:[m[K [01;31m[Kerror: [m[Kâ€˜[01m[Kgeometry_msgs[m[Kâ€™ does not name a type
[1.847s]    15 |         [01;31m[Kgeometry_msgs[m[K::Twist send_data;
[1.847s]       |         [01;31m[K^~~~~~~~~~~~~[m[K
[1.849s] [01m[K/home/colcon_ws/src/joy2twist/src/joy2twist.cpp:17:35:[m[K [01;31m[Kerror: [m[Kâ€˜[01m[Ksensor_msgs[m[Kâ€™ does not name a type
[1.849s]    17 |         void sub_joy_thread(const [01;31m[Ksensor_msgs[m[K::Joy &msg)
[1.849s]       |                                   [01;31m[K^~~~~~~~~~~[m[K
[1.849s] [01m[K/home/colcon_ws/src/joy2twist/src/joy2twist.cpp:17:52:[m[K [01;31m[Kerror: [m[Kexpected unqualified-id before â€˜[01m[K&[m[Kâ€™ token
[1.849s]    17 |         void sub_joy_thread(const sensor_msgs::Joy [01;31m[K&[m[Kmsg)
[1.849s]       |                                                    [01;31m[K^[m[K
[1.849s] [01m[K/home/colcon_ws/src/joy2twist/src/joy2twist.cpp:17:51:[m[K [01;31m[Kerror: [m[Kexpected â€˜[01m[K)[m[Kâ€™ before â€˜[01m[K&[m[Kâ€™ token
[1.849s]    17 |         void sub_joy_thread[34m[K([m[Kconst sensor_msgs::Joy[01;31m[K [m[K[32m[K&[m[Kmsg)
[1.849s]       |                            [34m[K~[m[K                      [01;31m[K^[m[K[32m[K~[m[K
[1.849s]       |                                                   [32m[K)[m[K
[1.849s] [01m[K/home/colcon_ws/src/joy2twist/src/joy2twist.cpp:17:52:[m[K [01;31m[Kerror: [m[Kexpected â€˜[01m[K;[m[Kâ€™ at end of member declaration
[1.849s]    17 |         void sub_joy_thread(const sensor_msgs::Joy [01;31m[K&[m[Kmsg)
[1.849s]       |                                                    [01;31m[K^[m[K
[1.849s]       |                                                     [32m[K;[m[K
[1.850s] [01m[K/home/colcon_ws/src/joy2twist/src/joy2twist.cpp:17:53:[m[K [01;31m[Kerror: [m[Kâ€˜[01m[Kmsg[m[Kâ€™ does not name a type
[1.850s]    17 |         void sub_joy_thread(const sensor_msgs::Joy &[01;31m[Kmsg[m[K)
[1.850s]       |                                                     [01;31m[K^~~[m[K
[1.850s] [01m[K/home/colcon_ws/src/joy2twist/src/joy2twist.cpp:[m[K In function â€˜[01m[Kint main(int, char**)[m[Kâ€™:
[1.850s] [01m[K/home/colcon_ws/src/joy2twist/src/joy2twist.cpp:30:30:[m[K [01;31m[Kerror: [m[Kexpected unqualified-id before string constant
[1.850s]    30 |     rclcpp::init(argc, argv. [01;31m[K"joy_test"[m[K);
[1.850s]       |                              [01;31m[K^~~~~~~~~~[m[K
[1.850s] [01m[K/home/colcon_ws/src/joy2twist/src/joy2twist.cpp:32:17:[m[K [01;31m[Kerror: [m[Kno matching function for call to â€˜[01m[Kspin(<unresolved overloaded function type>)[m[Kâ€™
[1.850s]    32 |     [01;31m[Krclcpp::spin(std::make_shared<example_joy>)[m[K;
[1.850s]       |     [01;31m[K~~~~~~~~~~~~^~~~~~~~~~~~~~~~~~~~~~~~~~~~~~~[m[K
[1.850s] In file included from [01m[K/opt/ros/humble/include/rclcpp/rclcpp/rclcpp.hpp:155[m[K,
[1.850s]                  from [01m[K/home/colcon_ws/src/joy2twist/src/joy2twist.cpp:1[m[K:
[1.850s] [01m[K/opt/ros/humble/include/rclcpp/rclcpp/executors.hpp:45:1:[m[K [01;36m[Knote: [m[Kcandidate: â€˜[01m[Kvoid rclcpp::spin(rclcpp::node_interfaces::NodeBaseInterface::SharedPtr)[m[Kâ€™
[1.850s]    45 | [01;36m[Kspin[m[K(rclcpp::node_interfaces::NodeBaseInterface::SharedPtr node_ptr);
[1.850s]       | [01;36m[K^~~~[m[K
[1.850s] [01m[K/opt/ros/humble/include/rclcpp/rclcpp/executors.hpp:45:60:[m[K [01;36m[Knote: [m[K  no known conversion for argument 1 from â€˜[01m[K<unresolved overloaded function type>[m[Kâ€™ to â€˜[01m[Krclcpp::node_interfaces::NodeBaseInterface::SharedPtr[m[Kâ€™ {aka â€˜[01m[Kstd::shared_ptr<rclcpp::node_interfaces::NodeBaseInterface>[m[Kâ€™}
[1.851s]    45 | spin([01;36m[Krclcpp::node_interfaces::NodeBaseInterface::SharedPtr node_ptr[m[K);
[1.851s]       |      [01;36m[K~~~~~~~~~~~~~~~~~~~~~~~~~~~~~~~~~~~~~~~~~~~~~~~~~~~~~~^~~~~~~~[m[K
[1.851s] [01m[K/opt/ros/humble/include/rclcpp/rclcpp/executors.hpp:49:1:[m[K [01;36m[Knote: [m[Kcandidate: â€˜[01m[Kvoid rclcpp::spin(rclcpp::Node::SharedPtr)[m[Kâ€™
[1.851s]    49 | [01;36m[Kspin[m[K(rclcpp::Node::SharedPtr node_ptr);
[1.851s]       | [01;36m[K^~~~[m[K
[1.851s] [01m[K/opt/ros/humble/include/rclcpp/rclcpp/executors.hpp:49:30:[m[K [01;36m[Knote: [m[K  no known conversion for argument 1 from â€˜[01m[K<unresolved overloaded function type>[m[Kâ€™ to â€˜[01m[Krclcpp::Node::SharedPtr[m[Kâ€™ {aka â€˜[01m[Kstd::shared_ptr<rclcpp::Node>[m[Kâ€™}
[1.851s]    49 | spin([01;36m[Krclcpp::Node::SharedPtr node_ptr[m[K);
[1.851s]       |      [01;36m[K~~~~~~~~~~~~~~~~~~~~~~~~^~~~~~~~[m[K
[2.176s] gmake[2]: *** [CMakeFiles/joy2twist.dir/build.make:76: CMakeFiles/joy2twist.dir/src/joy2twist.cpp.o] Error 1
[2.176s] gmake[1]: *** [CMakeFiles/Makefile2:137: CMakeFiles/joy2twist.dir/all] Error 2
[2.176s] gmake: *** [Makefile:146: all] Error 2
[2.178s] Invoked command in '/home/colcon_ws/build/joy2twist' returned '2': CMAKE_PREFIX_PATH=${CMAKE_PREFIX_PATH}:/opt/ros/humble /usr/bin/cmake --build /home/colcon_ws/build/joy2twist -- -j12 -l12
